<?xml version="1.0" encoding="UTF-8"?>
<testsuite xmlns:xsi="http://www.w3.org/2001/XMLSchema-instance" xsi:noNamespaceSchemaLocation="https://maven.apache.org/surefire/maven-surefire-plugin/xsd/surefire-test-report-3.0.xsd" version="3.0" name="TestSuite" time="90.314" tests="4" errors="0" skipped="0" failures="0">
  <properties>
[...]
</properties>
  <testcase name="testBase" classname="com.sampleProject.Scripts.LoginTest" time="0.003">
    <system-out><![CDATA[Directory already exists: C:\Users\ASUS\eclipse-workspace\sampleProject\TestReport
ExtentReport Path for WINDOWS: C:\Users\ASUS\eclipse-workspace\sampleProject\TestReport

Extent Reports Version 3 Test Suite started!
testBase started!
]]></system-out>
    <system-err><![CDATA[SLF4J: Failed to load class "org.slf4j.impl.StaticLoggerBinder".
SLF4J: Defaulting to no-operation (NOP) logger implementation
SLF4J: See http://www.slf4j.org/codes.html#StaticLoggerBinder for further details.
ERROR StatusLogger Log4j2 could not find a logging implementation. Please add log4j-core to the classpath. Using SimpleLogger to log to the console...
Starting Microsoft Edge WebDriver 111.0.1661.41 (57be51b50d1be232a9e8186a10017d9e06b1fd16) on port 52559
To submit feedback, report a bug, or suggest new features, please visit https://github.com/MicrosoftEdge/EdgeWebDriver

Only local connections are allowed.
Please see https://aka.ms/WebDriverSecurity for suggestions on keeping Microsoft Edge WebDriver safe.

Microsoft Edge WebDriver was started successfully.
Mar 16, 2023 5:53:29 PM org.openqa.selenium.remote.ProtocolHandshake createSession
INFO: Detected upstream dialect: W3C
Mar 16, 2023 5:53:29 PM org.openqa.selenium.devtools.CdpVersionFinder findNearestMatch
WARNING: Unable to find an exact match for CDP version 111, so returning the closest version found: a no-op implementation
Mar 16, 2023 5:53:29 PM org.openqa.selenium.devtools.CdpVersionFinder findNearestMatch
INFO: Unable to find CDP implementation matching 111.
Mar 16, 2023 5:53:29 PM org.openqa.selenium.chromium.ChromiumDriver lambda$new$3
WARNING: Unable to find version of CDP to use for . You may need to include a dependency on a specific version of the CDP using something similar to `org.seleniumhq.selenium:selenium-devtools-v86:4.4.0` where the version ("v86") matches the version of the chromium-based browser you're using and the version number of the artifact is the same as Selenium's.
]]></system-err>
  </testcase>
  <testcase name="testBase" classname="com.sampleProject.Scripts.LoginTest" time="0">
    <system-out><![CDATA[verifyLoginInvalidUserInvalidPassword passed!
Extent Reports Version 3  Test Suite is ending!
Extent Reports Version 3 Test Suite started!
testBase started!
]]></system-out>
    <system-err><![CDATA[1678969435248	geckodriver	INFO	Listening on 127.0.0.1:56027
1678969435758	mozrunner::runner	INFO	Running command: "C:\\Program Files\\Mozilla Firefox\\firefox.exe" "--marionette" "--remote-debugging-port" "57624" "--remote-allow-hosts" "localhost" "--remote-allow-origins" "http://localhost:57624/" "-no-remote" "-profile" "C:\\Users\\ASUS\\AppData\\Local\\Temp\\rust_mozprofileM2h9th"
console.warn: services.settings: Ignoring preference override of remote settings server
console.warn: services.settings: Allow by setting MOZ_REMOTE_SETTINGS_DEVTOOLS=1 in the environment
1678969437454	Marionette	INFO	Marionette enabled
Dynamically enable window occlusion 0
1678969437472	Marionette	INFO	Listening on port 8798
Read port: 8798
WebDriver BiDi listening on ws://127.0.0.1:57624
1678969438226	RemoteAgent	WARN	TLS certificate errors will be ignored for this session
console.warn: SearchSettings: "get: No settings file exists, new profile?" (new NotFoundError("Could not open the file at C:\\Users\\ASUS\\AppData\\Local\\Temp\\rust_mozprofileM2h9th\\search.json.mozlz4", (void 0)))
DevTools listening on ws://127.0.0.1:57624/devtools/browser/99fc208a-ec05-4b97-b144-eef9495ba331
Mar 16, 2023 5:54:05 PM org.openqa.selenium.remote.ProtocolHandshake createSession
INFO: Detected upstream dialect: W3C
]]></system-err>
  </testcase>
  <testcase name="verifyLoginInvalidUserInvalidPassword" classname="com.sampleProject.Scripts.LoginTest" time="12.002">
    <system-out><![CDATA[testBase passed!
verifyLoginInvalidUserInvalidPassword started!
]]></system-out>
  </testcase>
  <testcase name="verifyLoginInvalidUserInvalidPassword" classname="com.sampleProject.Scripts.LoginTest" time="19.047">
    <system-out><![CDATA[testBase passed!
verifyLoginInvalidUserInvalidPassword started!
]]></system-out>
    <system-err><![CDATA[console.warn: LoginRecipes: "Falling back to a synchronous message for: https://demo.guru99.com."
console.warn: LoginRecipes: "Falling back to a synchronous message for: https://demo.guru99.com."
]]></system-err>
  </testcase>
</testsuite>