<?xml version="1.0" encoding="UTF-8"?>
<testsuite xmlns:xsi="http://www.w3.org/2001/XMLSchema-instance" xsi:noNamespaceSchemaLocation="https://maven.apache.org/surefire/maven-surefire-plugin/xsd/surefire-test-report-3.0.xsd" version="3.0" name="TestSuite" time="62.051" tests="4" errors="0" skipped="0" failures="0">
  <properties>
[...]
</properties>
  <testcase name="testBase" classname="com.sampleProject.Scripts.LoginTest" time="0.016">
    <system-out><![CDATA[Directory already exists: C:\Users\ASUS\git\sampleProject\sampleProject\TestReport
ExtentReport Path for WINDOWS: C:\Users\ASUS\git\sampleProject\sampleProject\TestReport

Extent Reports Version 3 Test Suite started!
testBase started!
]]></system-out>
    <system-err><![CDATA[SLF4J: Failed to load class "org.slf4j.impl.StaticLoggerBinder".
SLF4J: Defaulting to no-operation (NOP) logger implementation
SLF4J: See http://www.slf4j.org/codes.html#StaticLoggerBinder for further details.
ERROR StatusLogger Log4j2 could not find a logging implementation. Please add log4j-core to the classpath. Using SimpleLogger to log to the console...
Starting Microsoft Edge WebDriver 111.0.1661.44 (fc2a57ec5a410298200db8ad3013657d5472c408) on port 65242
To submit feedback, report a bug, or suggest new features, please visit https://github.com/MicrosoftEdge/EdgeWebDriver

Only local connections are allowed.
Please see https://aka.ms/WebDriverSecurity for suggestions on keeping Microsoft Edge WebDriver safe.

Microsoft Edge WebDriver was started successfully.
Mar 18, 2023 3:36:05 PM org.openqa.selenium.remote.ProtocolHandshake createSession
INFO: Detected upstream dialect: W3C
Mar 18, 2023 3:36:06 PM org.openqa.selenium.devtools.CdpVersionFinder findNearestMatch
WARNING: Unable to find an exact match for CDP version 111, so returning the closest version found: a no-op implementation
Mar 18, 2023 3:36:06 PM org.openqa.selenium.devtools.CdpVersionFinder findNearestMatch
INFO: Unable to find CDP implementation matching 111.
Mar 18, 2023 3:36:06 PM org.openqa.selenium.chromium.ChromiumDriver lambda$new$3
WARNING: Unable to find version of CDP to use for . You may need to include a dependency on a specific version of the CDP using something similar to `org.seleniumhq.selenium:selenium-devtools-v86:4.4.0` where the version ("v86") matches the version of the chromium-based browser you're using and the version number of the artifact is the same as Selenium's.
]]></system-err>
  </testcase>
  <testcase name="testBase" classname="com.sampleProject.Scripts.LoginTest" time="0">
    <system-out><![CDATA[verifyLoginValidUserValidPassword passed!
Extent Reports Version 3  Test Suite is ending!
Extent Reports Version 3 Test Suite started!
testBase started!
]]></system-out>
    <system-err><![CDATA[1679133983318	geckodriver	INFO	Listening on 127.0.0.1:59216
1679133983404	mozrunner::runner	INFO	Running command: "C:\\Program Files\\Mozilla Firefox\\firefox.exe" "--marionette" "--remote-debugging-port" "64699" "--remote-allow-hosts" "localhost" "--remote-allow-origins" "http://localhost:64699/" "-no-remote" "-profile" "C:\\Users\\ASUS\\AppData\\Local\\Temp\\rust_mozprofilewzbvBI"
console.warn: services.settings: Ignoring preference override of remote settings server
console.warn: services.settings: Allow by setting MOZ_REMOTE_SETTINGS_DEVTOOLS=1 in the environment
1679133986441	Marionette	INFO	Marionette enabled
Dynamically enable window occlusion 0
1679133986463	Marionette	INFO	Listening on port 9525
Read port: 9525
WebDriver BiDi listening on ws://127.0.0.1:64699
1679133987149	RemoteAgent	WARN	TLS certificate errors will be ignored for this session
[GFX1-]: Fallback WR to SW-WR + D3D11
[GFX1-]: Failed to initialize GPU process
[GFX1-]: [D3D11] failed to get compositor device.
[GFX1-]: Failed to initialize CompositorD3D11 for SWGL: FEATURE_FAILURE_D3D11_NO_DEVICE
[GFX1-]: RenderCompositorSWGL failed mapping default framebuffer, no dt
console.warn: SearchSettings: "get: No settings file exists, new profile?" (new NotFoundError("Could not open the file at C:\\Users\\ASUS\\AppData\\Local\\Temp\\rust_mozprofilewzbvBI\\search.json.mozlz4", (void 0)))
DevTools listening on ws://127.0.0.1:64699/devtools/browser/d99f6624-6541-4c9f-b732-6a659fc42327
Mar 18, 2023 3:36:31 PM org.openqa.selenium.remote.ProtocolHandshake createSession
INFO: Detected upstream dialect: W3C
]]></system-err>
  </testcase>
  <testcase name="verifyLoginValidUserValidPassword" classname="com.sampleProject.Scripts.LoginTest" time="7.28">
    <system-out><![CDATA[testBase passed!
verifyLoginValidUserValidPassword started!
]]></system-out>
  </testcase>
  <testcase name="verifyLoginValidUserValidPassword" classname="com.sampleProject.Scripts.LoginTest" time="4.88">
    <system-out><![CDATA[testBase passed!
verifyLoginValidUserValidPassword started!
]]></system-out>
    <system-err><![CDATA[console.warn: LoginRecipes: "Falling back to a synchronous message for: https://demo.guru99.com."
console.warn: LoginRecipes: "Falling back to a synchronous message for: https://demo.guru99.com."
JavaScript error: , line 0: uncaught exception: undefined
1679134009166	Marionette	WARN	Ignoring event 'DOMContentLoaded' because document has an invalid readyState of 'complete'.
]]></system-err>
  </testcase>
</testsuite>