<?xml version="1.0" encoding="UTF-8"?>
<testng-results ignored="6" total="10" passed="4" failed="0" skipped="0">
  <reporter-output>
  </reporter-output>
  <suite started-at="2023-03-18T15:11:01 IST" name="Suite" finished-at="2023-03-18T15:11:58 IST" duration-ms="57668">
    <groups>
    </groups>
    <test started-at="2023-03-18T15:11:01 IST" name="TestUsingEdgeBrowser" finished-at="2023-03-18T15:11:28 IST" duration-ms="27946">
      <class name="com.sampleProject.Scripts.LoginTest">
        <test-method is-config="true" signature="beforeTest(java.lang.String)[pri:0, instance:com.sampleProject.Scripts.LoginTest@fd07cbb]" started-at="2023-03-18T15:11:01 IST" name="beforeTest" finished-at="2023-03-18T15:11:15 IST" duration-ms="14730" status="PASS">
          <params>
            <param index="0">
              <value>
                <![CDATA[edge]]>
              </value>
            </param>
          </params>
          <reporter-output>
          </reporter-output>
        </test-method> <!-- beforeTest -->
        <test-method signature="testBase()[pri:0, instance:com.sampleProject.Scripts.LoginTest@fd07cbb]" started-at="2023-03-18T15:11:15 IST" name="testBase" finished-at="2023-03-18T15:11:15 IST" duration-ms="8" status="PASS">
          <reporter-output>
          </reporter-output>
        </test-method> <!-- testBase -->
        <test-method is-config="true" signature="afterMethod(org.testng.ITestResult)[pri:0, instance:com.sampleProject.Scripts.LoginTest@fd07cbb]" started-at="2023-03-18T15:11:15 IST" name="afterMethod" finished-at="2023-03-18T15:11:16 IST" duration-ms="578" status="PASS">
          <params>
            <param index="0">
              <value>
                <![CDATA[[TestResult name=testBase status=SUCCESS method=TestBase.testBase()[pri:0, instance:com.sampleProject.Scripts.LoginTest@fd07cbb] output={null}]]]>
              </value>
            </param>
          </params>
          <reporter-output>
          </reporter-output>
        </test-method> <!-- afterMethod -->
        <test-method signature="verifyLoginInvalidUserInvalidPassword()[pri:1, instance:com.sampleProject.Scripts.LoginTest@fd07cbb]" started-at="2023-03-18T15:11:16 IST" name="verifyLoginInvalidUserInvalidPassword" finished-at="2023-03-18T15:11:28 IST" duration-ms="12080" status="PASS">
          <reporter-output>
          </reporter-output>
        </test-method> <!-- verifyLoginInvalidUserInvalidPassword -->
        <test-method is-config="true" signature="afterMethod(org.testng.ITestResult)[pri:0, instance:com.sampleProject.Scripts.LoginTest@fd07cbb]" started-at="2023-03-18T15:11:28 IST" name="afterMethod" finished-at="2023-03-18T15:11:28 IST" duration-ms="375" status="PASS">
          <params>
            <param index="0">
              <value>
                <![CDATA[[TestResult name=verifyLoginInvalidUserInvalidPassword status=SUCCESS method=LoginTest.verifyLoginInvalidUserInvalidPassword()[pri:1, instance:com.sampleProject.Scripts.LoginTest@fd07cbb] output={null}]]]>
              </value>
            </param>
          </params>
          <reporter-output>
          </reporter-output>
        </test-method> <!-- afterMethod -->
        <test-method is-config="true" signature="afterTest()[pri:0, instance:com.sampleProject.Scripts.LoginTest@fd07cbb]" started-at="2023-03-18T15:11:28 IST" name="afterTest" finished-at="2023-03-18T15:11:28 IST" duration-ms="1" status="PASS">
          <reporter-output>
          </reporter-output>
        </test-method> <!-- afterTest -->
      </class> <!-- com.sampleProject.Scripts.LoginTest -->
    </test> <!-- TestUsingEdgeBrowser -->
    <test started-at="2023-03-18T15:11:29 IST" name="TestUsingChromeBrowser" finished-at="2023-03-18T15:11:58 IST" duration-ms="28741">
      <class name="com.sampleProject.Scripts.LoginTest">
        <test-method is-config="true" signature="beforeTest(java.lang.String)[pri:0, instance:com.sampleProject.Scripts.LoginTest@2892dae4]" started-at="2023-03-18T15:11:29 IST" name="beforeTest" finished-at="2023-03-18T15:11:52 IST" duration-ms="22038" status="PASS">
          <params>
            <param index="0">
              <value>
                <![CDATA[gecko]]>
              </value>
            </param>
          </params>
          <reporter-output>
          </reporter-output>
        </test-method> <!-- beforeTest -->
        <test-method signature="testBase()[pri:0, instance:com.sampleProject.Scripts.LoginTest@2892dae4]" started-at="2023-03-18T15:11:52 IST" name="testBase" finished-at="2023-03-18T15:11:52 IST" duration-ms="1" status="PASS">
          <reporter-output>
          </reporter-output>
        </test-method> <!-- testBase -->
        <test-method is-config="true" signature="afterMethod(org.testng.ITestResult)[pri:0, instance:com.sampleProject.Scripts.LoginTest@2892dae4]" started-at="2023-03-18T15:11:52 IST" name="afterMethod" finished-at="2023-03-18T15:11:52 IST" duration-ms="419" status="PASS">
          <params>
            <param index="0">
              <value>
                <![CDATA[[TestResult name=testBase status=SUCCESS method=TestBase.testBase()[pri:0, instance:com.sampleProject.Scripts.LoginTest@2892dae4] output={null}]]]>
              </value>
            </param>
          </params>
          <reporter-output>
          </reporter-output>
        </test-method> <!-- afterMethod -->
        <test-method signature="verifyLoginInvalidUserInvalidPassword()[pri:1, instance:com.sampleProject.Scripts.LoginTest@2892dae4]" started-at="2023-03-18T15:11:52 IST" name="verifyLoginInvalidUserInvalidPassword" finished-at="2023-03-18T15:11:58 IST" duration-ms="5999" status="PASS">
          <reporter-output>
          </reporter-output>
        </test-method> <!-- verifyLoginInvalidUserInvalidPassword -->
        <test-method is-config="true" signature="afterMethod(org.testng.ITestResult)[pri:0, instance:com.sampleProject.Scripts.LoginTest@2892dae4]" started-at="2023-03-18T15:11:58 IST" name="afterMethod" finished-at="2023-03-18T15:11:58 IST" duration-ms="276" status="PASS">
          <params>
            <param index="0">
              <value>
                <![CDATA[[TestResult name=verifyLoginInvalidUserInvalidPassword status=SUCCESS method=LoginTest.verifyLoginInvalidUserInvalidPassword()[pri:1, instance:com.sampleProject.Scripts.LoginTest@2892dae4] output={null}]]]>
              </value>
            </param>
          </params>
          <reporter-output>
          </reporter-output>
        </test-method> <!-- afterMethod -->
        <test-method is-config="true" signature="afterTest()[pri:0, instance:com.sampleProject.Scripts.LoginTest@2892dae4]" started-at="2023-03-18T15:11:58 IST" name="afterTest" finished-at="2023-03-18T15:11:58 IST" duration-ms="1" status="PASS">
          <reporter-output>
          </reporter-output>
        </test-method> <!-- afterTest -->
      </class> <!-- com.sampleProject.Scripts.LoginTest -->
    </test> <!-- TestUsingChromeBrowser -->
  </suite> <!-- Suite -->
</testng-results>
