<?xml version="1.0" encoding="UTF-8"?>
<testng-results skipped="0" failed="0" ignored="6" total="10" passed="4">
  <reporter-output>
  </reporter-output>
  <suite name="Suite" duration-ms="87335" started-at="2023-03-16T17:53:17 IST" finished-at="2023-03-16T17:54:44 IST">
    <groups>
    </groups>
    <test name="TestUsingEdgeBrowser" duration-ms="36199" started-at="2023-03-16T17:53:17 IST" finished-at="2023-03-16T17:53:53 IST">
      <class name="com.sampleProject.Scripts.LoginTest">
        <test-method status="PASS" signature="beforeTest(java.lang.String)[pri:0, instance:com.sampleProject.Scripts.LoginTest@78a2da20]" name="beforeTest" is-config="true" duration-ms="22751" started-at="2023-03-16T17:53:17 IST" finished-at="2023-03-16T17:53:40 IST">
          <params>
            <param index="0">
              <value>
                <![CDATA[edge]]>
              </value>
            </param>
          </params>
          <reporter-output>
          </reporter-output>
        </test-method> <!-- beforeTest -->
        <test-method status="PASS" signature="testBase()[pri:0, instance:com.sampleProject.Scripts.LoginTest@78a2da20]" name="testBase" duration-ms="30" started-at="2023-03-16T17:53:40 IST" finished-at="2023-03-16T17:53:40 IST">
          <reporter-output>
          </reporter-output>
        </test-method> <!-- testBase -->
        <test-method status="PASS" signature="afterMethod(org.testng.ITestResult)[pri:0, instance:com.sampleProject.Scripts.LoginTest@78a2da20]" name="afterMethod" is-config="true" duration-ms="567" started-at="2023-03-16T17:53:40 IST" finished-at="2023-03-16T17:53:40 IST">
          <params>
            <param index="0">
              <value>
                <![CDATA[[TestResult name=testBase status=SUCCESS method=TestBase.testBase()[pri:0, instance:com.sampleProject.Scripts.LoginTest@78a2da20] output={null}]]]>
              </value>
            </param>
          </params>
          <reporter-output>
          </reporter-output>
        </test-method> <!-- afterMethod -->
        <test-method status="PASS" signature="verifyLoginInvalidUserInvalidPassword()[pri:1, instance:com.sampleProject.Scripts.LoginTest@78a2da20]" name="verifyLoginInvalidUserInvalidPassword" duration-ms="12000" started-at="2023-03-16T17:53:40 IST" finished-at="2023-03-16T17:53:52 IST">
          <reporter-output>
          </reporter-output>
        </test-method> <!-- verifyLoginInvalidUserInvalidPassword -->
        <test-method status="PASS" signature="afterMethod(org.testng.ITestResult)[pri:0, instance:com.sampleProject.Scripts.LoginTest@78a2da20]" name="afterMethod" is-config="true" duration-ms="723" started-at="2023-03-16T17:53:52 IST" finished-at="2023-03-16T17:53:53 IST">
          <params>
            <param index="0">
              <value>
                <![CDATA[[TestResult name=verifyLoginInvalidUserInvalidPassword status=SUCCESS method=LoginTest.verifyLoginInvalidUserInvalidPassword()[pri:1, instance:com.sampleProject.Scripts.LoginTest@78a2da20] output={null}]]]>
              </value>
            </param>
          </params>
          <reporter-output>
          </reporter-output>
        </test-method> <!-- afterMethod -->
        <test-method status="PASS" signature="afterTest()[pri:0, instance:com.sampleProject.Scripts.LoginTest@78a2da20]" name="afterTest" is-config="true" duration-ms="1" started-at="2023-03-16T17:53:53 IST" finished-at="2023-03-16T17:53:53 IST">
          <reporter-output>
          </reporter-output>
        </test-method> <!-- afterTest -->
      </class> <!-- com.sampleProject.Scripts.LoginTest -->
    </test> <!-- TestUsingEdgeBrowser -->
    <test name="TestUsingChromeBrowser" duration-ms="49642" started-at="2023-03-16T17:53:55 IST" finished-at="2023-03-16T17:54:44 IST">
      <class name="com.sampleProject.Scripts.LoginTest">
        <test-method status="PASS" signature="beforeTest(java.lang.String)[pri:0, instance:com.sampleProject.Scripts.LoginTest@6279cee3]" name="beforeTest" is-config="true" duration-ms="29499" started-at="2023-03-16T17:53:55 IST" finished-at="2023-03-16T17:54:24 IST">
          <params>
            <param index="0">
              <value>
                <![CDATA[gecko]]>
              </value>
            </param>
          </params>
          <reporter-output>
          </reporter-output>
        </test-method> <!-- beforeTest -->
        <test-method status="PASS" signature="testBase()[pri:0, instance:com.sampleProject.Scripts.LoginTest@6279cee3]" name="testBase" duration-ms="4" started-at="2023-03-16T17:54:24 IST" finished-at="2023-03-16T17:54:24 IST">
          <reporter-output>
          </reporter-output>
        </test-method> <!-- testBase -->
        <test-method status="PASS" signature="afterMethod(org.testng.ITestResult)[pri:0, instance:com.sampleProject.Scripts.LoginTest@6279cee3]" name="afterMethod" is-config="true" duration-ms="675" started-at="2023-03-16T17:54:24 IST" finished-at="2023-03-16T17:54:25 IST">
          <params>
            <param index="0">
              <value>
                <![CDATA[[TestResult name=testBase status=SUCCESS method=TestBase.testBase()[pri:0, instance:com.sampleProject.Scripts.LoginTest@6279cee3] output={null}]]]>
              </value>
            </param>
          </params>
          <reporter-output>
          </reporter-output>
        </test-method> <!-- afterMethod -->
        <test-method status="PASS" signature="verifyLoginInvalidUserInvalidPassword()[pri:1, instance:com.sampleProject.Scripts.LoginTest@6279cee3]" name="verifyLoginInvalidUserInvalidPassword" duration-ms="18947" started-at="2023-03-16T17:54:25 IST" finished-at="2023-03-16T17:54:44 IST">
          <reporter-output>
          </reporter-output>
        </test-method> <!-- verifyLoginInvalidUserInvalidPassword -->
        <test-method status="PASS" signature="afterMethod(org.testng.ITestResult)[pri:0, instance:com.sampleProject.Scripts.LoginTest@6279cee3]" name="afterMethod" is-config="true" duration-ms="509" started-at="2023-03-16T17:54:44 IST" finished-at="2023-03-16T17:54:44 IST">
          <params>
            <param index="0">
              <value>
                <![CDATA[[TestResult name=verifyLoginInvalidUserInvalidPassword status=SUCCESS method=LoginTest.verifyLoginInvalidUserInvalidPassword()[pri:1, instance:com.sampleProject.Scripts.LoginTest@6279cee3] output={null}]]]>
              </value>
            </param>
          </params>
          <reporter-output>
          </reporter-output>
        </test-method> <!-- afterMethod -->
        <test-method status="PASS" signature="afterTest()[pri:0, instance:com.sampleProject.Scripts.LoginTest@6279cee3]" name="afterTest" is-config="true" duration-ms="1" started-at="2023-03-16T17:54:44 IST" finished-at="2023-03-16T17:54:44 IST">
          <reporter-output>
          </reporter-output>
        </test-method> <!-- afterTest -->
      </class> <!-- com.sampleProject.Scripts.LoginTest -->
    </test> <!-- TestUsingChromeBrowser -->
  </suite> <!-- Suite -->
</testng-results>
