<?xml version="1.0" encoding="UTF-8"?>
<!-- Generated by org.testng.reporters.JUnitXMLReporter -->
<testsuite ignored="3" hostname="DESKTOP-VG7FOF4" failures="0" tests="2" name="TestUsingEdgeBrowser" time="27.847" errors="0" timestamp="2023-03-18T15:36:21 IST">
  <testcase classname="com.sampleProject.Base.TestBase" name="testBase" time="0.072"/>
  <testcase classname="com.sampleProject.Scripts.LoginTest" name="verifyLoginValidUserValidPassword" time="7.28"/>
  <testcase classname="com.sampleProject.Scripts.LoginTest" name="verifyLoginInvalidUserValidPassword" time="0.0">
    <ignored/>
  </testcase> <!-- verifyLoginInvalidUserValidPassword -->
  <testcase classname="com.sampleProject.Scripts.LoginTest" name="verifyLoginInvalidUserInvalidPassword" time="0.0">
    <ignored/>
  </testcase> <!-- verifyLoginInvalidUserInvalidPassword -->
  <testcase classname="com.sampleProject.Scripts.LoginTest" name="verifyLoginValidUserInvalidPassword" time="0.0">
    <ignored/>
  </testcase> <!-- verifyLoginValidUserInvalidPassword -->
</testsuite> <!-- TestUsingEdgeBrowser -->
