<?xml version="1.0" encoding="UTF-8"?>
<!-- Generated by org.testng.reporters.JUnitXMLReporter -->
<testsuite hostname="DESKTOP-VG7FOF4" ignored="3" name="TestUsingChromeBrowser" tests="2" failures="0" timestamp="2023-03-16T17:54:44 IST" time="49.642" errors="0">
  <testcase name="testBase" time="0.004" classname="com.sampleProject.Base.TestBase"/>
  <testcase name="verifyLoginInvalidUserInvalidPassword" time="18.947" classname="com.sampleProject.Scripts.LoginTest"/>
  <testcase name="verifyLoginInvalidUserValidPassword" time="0.0" classname="com.sampleProject.Scripts.LoginTest">
    <ignored/>
  </testcase> <!-- verifyLoginInvalidUserValidPassword -->
  <testcase name="verifyLoginValidUserInvalidPassword" time="0.0" classname="com.sampleProject.Scripts.LoginTest">
    <ignored/>
  </testcase> <!-- verifyLoginValidUserInvalidPassword -->
  <testcase name="verifyLoginValidUserValidPassword" time="0.0" classname="com.sampleProject.Scripts.LoginTest">
    <ignored/>
  </testcase> <!-- verifyLoginValidUserValidPassword -->
</testsuite> <!-- TestUsingChromeBrowser -->
