<?xml version="1.0" encoding="UTF-8"?>
<!-- Generated by org.testng.reporters.JUnitXMLReporter -->
<testsuite hostname="DESKTOP-VG7FOF4" ignored="3" name="ParallelTesting-Test" tests="2" failures="0" timestamp="2023-03-09T07:08:53 IST" time="56.707" errors="0">
  <testcase name="verifyLoginInvalidUserInvalidPassword" time="12.557" classname="com.sampleProject.Scripts.LoginTest"/>
  <testcase name="verifyLoginValidUserValidPassword" time="7.619" classname="com.sampleProject.Scripts.LoginTest"/>
  <testcase name="verifyLoginInvalidUserValidPassword" time="0.0" classname="com.sampleProject.Scripts.LoginTest">
    <ignored/>
  </testcase> <!-- verifyLoginInvalidUserValidPassword -->
  <testcase name="testBase" time="0.0" classname="com.sampleProject.Base.TestBase">
    <ignored/>
  </testcase> <!-- testBase -->
  <testcase name="verifyLoginValidUserInvalidPassword" time="0.0" classname="com.sampleProject.Scripts.LoginTest">
    <ignored/>
  </testcase> <!-- verifyLoginValidUserInvalidPassword -->
</testsuite> <!-- ParallelTesting-Test -->
