<?xml version="1.0" encoding="UTF-8"?>
<!-- Generated by org.testng.reporters.JUnitXMLReporter -->
<testsuite hostname="DESKTOP-VG7FOF4" ignored="3" name="Test" tests="2" failures="0" timestamp="2023-03-13T07:19:01 IST" time="38.547" errors="0">
  <testcase name="verifyLoginInvalidUserInvalidPassword" time="8.916" classname="com.sampleProject.Scripts.LoginTest"/>
  <testcase name="verifyLoginValidUserInvalidPassword" time="7.964" classname="com.sampleProject.Scripts.LoginTest"/>
  <testcase name="verifyLoginInvalidUserValidPassword" time="0.0" classname="com.sampleProject.Scripts.LoginTest">
    <ignored/>
  </testcase> <!-- verifyLoginInvalidUserValidPassword -->
  <testcase name="testBase" time="0.0" classname="com.sampleProject.Base.TestBase">
    <ignored/>
  </testcase> <!-- testBase -->
  <testcase name="verifyLoginValidUserValidPassword" time="0.0" classname="com.sampleProject.Scripts.LoginTest">
    <ignored/>
  </testcase> <!-- verifyLoginValidUserValidPassword -->
</testsuite> <!-- Test -->
