<?xml version="1.0" encoding="UTF-8"?>
<!-- Generated by org.testng.reporters.JUnitXMLReporter -->
<testsuite hostname="DESKTOP-VG7FOF4" ignored="5" name="Testcae_FlightsPageLoading" tests="5" failures="0" timestamp="2023-03-14T07:01:42 IST" time="34.404" errors="0">
  <testcase name="testBase" time="0.027" classname="com.sampleProject.Base.TestBase"/>
  <testcase name="verifyLoginInvalidUserInvalidPassword" time="8.616" classname="com.sampleProject.Scripts.LoginTest"/>
  <testcase name="testBase" time="0.004" classname="com.sampleProject.Base.TestBase"/>
  <testcase name="verifyLoadingRegisterPage" time="2.391" classname="com.sampleProject.Scripts.RegisterTest"/>
  <testcase name="fillingTheFields" time="4.281" classname="com.sampleProject.Scripts.RegisterTest"/>
  <testcase name="verifyLoginInvalidUserValidPassword" time="0.0" classname="com.sampleProject.Scripts.LoginTest">
    <ignored/>
  </testcase> <!-- verifyLoginInvalidUserValidPassword -->
  <testcase name="@AfterTest afterTest" time="0.0" classname="com.sampleProject.Base.TestBase">
    <ignored/>
  </testcase> <!-- @AfterTest afterTest -->
  <testcase name="verifyLoginValidUserInvalidPassword" time="0.0" classname="com.sampleProject.Scripts.LoginTest">
    <ignored/>
  </testcase> <!-- verifyLoginValidUserInvalidPassword -->
  <testcase name="@BeforeTest beforeTest" time="0.0" classname="com.sampleProject.Base.TestBase">
    <ignored/>
  </testcase> <!-- @BeforeTest beforeTest -->
  <testcase name="verifyLoginValidUserValidPassword" time="0.0" classname="com.sampleProject.Scripts.LoginTest">
    <ignored/>
  </testcase> <!-- verifyLoginValidUserValidPassword -->
</testsuite> <!-- Testcae_FlightsPageLoading -->
